INFO 2025-06-16 23:54:17,018 autoreload 19877 8615993088 Watching for file changes with StatReloader
DEBUG 2025-06-16 23:54:18,354 utils 19877 6116831232 (0.180) 
                SELECT VERSION(),
                       @@sql_mode,
                       @@default_storage_engine,
                       @@sql_auto_is_null,
                       @@lower_case_table_names,
                       CONVERT_TZ('2001-01-01 01:00:00', 'UTC', 'UTC') IS NOT NULL
            ; args=None; alias=default
DEBUG 2025-06-16 23:54:18,540 utils 19877 6116831232 (0.185) SET SESSION TRANSACTION ISOLATION LEVEL READ COMMITTED; args=None; alias=default
DEBUG 2025-06-16 23:54:18,718 utils 19877 6116831232 (0.176) 
            SELECT
                table_name,
                table_type,
                table_comment
            FROM information_schema.tables
            WHERE table_schema = DATABASE()
            ; args=None; alias=default
DEBUG 2025-06-16 23:54:18,887 utils 19877 6116831232 (0.163) SELECT `django_migrations`.`id`, `django_migrations`.`app`, `django_migrations`.`name`, `django_migrations`.`applied` FROM `django_migrations`; args=(); alias=default
INFO 2025-06-16 23:54:50,681 autoreload 19877 8615993088 /Users/jesusalmanza/Desktop/RecetasChidas/RecetasChidas/RecetasChidas/RecetasChidas/settings.py changed, reloading.
INFO 2025-06-16 23:54:51,035 autoreload 20105 8615993088 Watching for file changes with StatReloader
DEBUG 2025-06-16 23:54:52,367 utils 20105 6172700672 (0.174) 
                SELECT VERSION(),
                       @@sql_mode,
                       @@default_storage_engine,
                       @@sql_auto_is_null,
                       @@lower_case_table_names,
                       CONVERT_TZ('2001-01-01 01:00:00', 'UTC', 'UTC') IS NOT NULL
            ; args=None; alias=default
DEBUG 2025-06-16 23:54:52,554 utils 20105 6172700672 (0.187) SET SESSION TRANSACTION ISOLATION LEVEL READ COMMITTED; args=None; alias=default
DEBUG 2025-06-16 23:54:52,760 utils 20105 6172700672 (0.206) 
            SELECT
                table_name,
                table_type,
                table_comment
            FROM information_schema.tables
            WHERE table_schema = DATABASE()
            ; args=None; alias=default
DEBUG 2025-06-16 23:54:52,944 utils 20105 6172700672 (0.181) SELECT `django_migrations`.`id`, `django_migrations`.`app`, `django_migrations`.`name`, `django_migrations`.`applied` FROM `django_migrations`; args=(); alias=default
INFO 2025-06-16 23:55:14,600 autoreload 20105 8615993088 /Users/jesusalmanza/Desktop/RecetasChidas/RecetasChidas/RecetasChidas/tienda/presentation/views.py changed, reloading.
INFO 2025-06-16 23:55:14,945 autoreload 20187 8615993088 Watching for file changes with StatReloader
DEBUG 2025-06-16 23:55:16,231 utils 20187 6146945024 (0.158) 
                SELECT VERSION(),
                       @@sql_mode,
                       @@default_storage_engine,
                       @@sql_auto_is_null,
                       @@lower_case_table_names,
                       CONVERT_TZ('2001-01-01 01:00:00', 'UTC', 'UTC') IS NOT NULL
            ; args=None; alias=default
DEBUG 2025-06-16 23:55:16,389 utils 20187 6146945024 (0.157) SET SESSION TRANSACTION ISOLATION LEVEL READ COMMITTED; args=None; alias=default
DEBUG 2025-06-16 23:55:16,558 utils 20187 6146945024 (0.168) 
            SELECT
                table_name,
                table_type,
                table_comment
            FROM information_schema.tables
            WHERE table_schema = DATABASE()
            ; args=None; alias=default
DEBUG 2025-06-16 23:55:16,726 utils 20187 6146945024 (0.163) SELECT `django_migrations`.`id`, `django_migrations`.`app`, `django_migrations`.`name`, `django_migrations`.`applied` FROM `django_migrations`; args=(); alias=default
INFO 2025-06-16 23:55:47,681 autoreload 20187 8615993088 /Users/jesusalmanza/Desktop/RecetasChidas/RecetasChidas/RecetasChidas/tienda/presentation/views.py changed, reloading.
INFO 2025-06-16 23:55:48,010 autoreload 20311 8615993088 Watching for file changes with StatReloader
DEBUG 2025-06-16 23:55:54,071 utils 20311 6153269248 (0.172) 
                SELECT VERSION(),
                       @@sql_mode,
                       @@default_storage_engine,
                       @@sql_auto_is_null,
                       @@lower_case_table_names,
                       CONVERT_TZ('2001-01-01 01:00:00', 'UTC', 'UTC') IS NOT NULL
            ; args=None; alias=default
DEBUG 2025-06-16 23:55:54,257 utils 20311 6153269248 (0.185) SET SESSION TRANSACTION ISOLATION LEVEL READ COMMITTED; args=None; alias=default
DEBUG 2025-06-16 23:55:54,420 utils 20311 6153269248 (0.163) 
            SELECT
                table_name,
                table_type,
                table_comment
            FROM information_schema.tables
            WHERE table_schema = DATABASE()
            ; args=None; alias=default
DEBUG 2025-06-16 23:55:54,590 utils 20311 6153269248 (0.164) SELECT `django_migrations`.`id`, `django_migrations`.`app`, `django_migrations`.`name`, `django_migrations`.`applied` FROM `django_migrations`; args=(); alias=default
INFO 2025-06-16 23:56:00,333 autoreload 20311 8615993088 /Users/jesusalmanza/Desktop/RecetasChidas/RecetasChidas/RecetasChidas/tienda/presentation/urls.py changed, reloading.
INFO 2025-06-16 23:56:00,624 autoreload 20362 8615993088 Watching for file changes with StatReloader
DEBUG 2025-06-16 23:56:01,951 utils 20362 6142521344 (0.160) 
                SELECT VERSION(),
                       @@sql_mode,
                       @@default_storage_engine,
                       @@sql_auto_is_null,
                       @@lower_case_table_names,
                       CONVERT_TZ('2001-01-01 01:00:00', 'UTC', 'UTC') IS NOT NULL
            ; args=None; alias=default
DEBUG 2025-06-16 23:56:02,111 utils 20362 6142521344 (0.159) SET SESSION TRANSACTION ISOLATION LEVEL READ COMMITTED; args=None; alias=default
DEBUG 2025-06-16 23:56:02,298 utils 20362 6142521344 (0.187) 
            SELECT
                table_name,
                table_type,
                table_comment
            FROM information_schema.tables
            WHERE table_schema = DATABASE()
            ; args=None; alias=default
DEBUG 2025-06-16 23:56:02,463 utils 20362 6142521344 (0.162) SELECT `django_migrations`.`id`, `django_migrations`.`app`, `django_migrations`.`name`, `django_migrations`.`applied` FROM `django_migrations`; args=(); alias=default
INFO 2025-06-16 23:56:18,007 autoreload 20362 8615993088 /Users/jesusalmanza/Desktop/RecetasChidas/RecetasChidas/RecetasChidas/tienda/presentation/views.py changed, reloading.
INFO 2025-06-16 23:56:18,313 autoreload 20424 8615993088 Watching for file changes with StatReloader
DEBUG 2025-06-16 23:56:19,643 utils 20424 6178467840 (0.164) 
                SELECT VERSION(),
                       @@sql_mode,
                       @@default_storage_engine,
                       @@sql_auto_is_null,
                       @@lower_case_table_names,
                       CONVERT_TZ('2001-01-01 01:00:00', 'UTC', 'UTC') IS NOT NULL
            ; args=None; alias=default
DEBUG 2025-06-16 23:56:19,800 utils 20424 6178467840 (0.156) SET SESSION TRANSACTION ISOLATION LEVEL READ COMMITTED; args=None; alias=default
DEBUG 2025-06-16 23:56:19,965 utils 20424 6178467840 (0.165) 
            SELECT
                table_name,
                table_type,
                table_comment
            FROM information_schema.tables
            WHERE table_schema = DATABASE()
            ; args=None; alias=default
DEBUG 2025-06-16 23:56:20,164 utils 20424 6178467840 (0.193) SELECT `django_migrations`.`id`, `django_migrations`.`app`, `django_migrations`.`name`, `django_migrations`.`applied` FROM `django_migrations`; args=(); alias=default
DEBUG 2025-06-16 23:57:24,545 utils 20679 8615993088 (0.181) 
                SELECT VERSION(),
                       @@sql_mode,
                       @@default_storage_engine,
                       @@sql_auto_is_null,
                       @@lower_case_table_names,
                       CONVERT_TZ('2001-01-01 01:00:00', 'UTC', 'UTC') IS NOT NULL
            ; args=None; alias=default
DEBUG 2025-06-16 23:57:24,748 utils 20679 8615993088 (0.202) SET SESSION TRANSACTION ISOLATION LEVEL READ COMMITTED; args=None; alias=default
DEBUG 2025-06-16 23:57:24,933 utils 20679 8615993088 (0.180) SELECT VERSION(); args=None; alias=default
DEBUG 2025-06-16 23:57:25,129 utils 20679 8615993088 (0.196) SELECT DATABASE(); args=None; alias=default
DEBUG 2025-06-16 23:57:25,314 utils 20679 8615993088 (0.185) SELECT @@hostname; args=None; alias=default
DEBUG 2025-06-16 23:57:25,489 utils 20679 8615993088 (0.174) SELECT USER(); args=None; alias=default
DEBUG 2025-06-16 23:57:25,673 utils 20679 8615993088 (0.184) SHOW TABLES; args=None; alias=default
DEBUG 2025-06-16 23:57:25,865 utils 20679 8615993088 (0.191) SELECT COUNT(*) FROM Categoria; args=None; alias=default
DEBUG 2025-06-16 23:57:26,042 utils 20679 8615993088 (0.176) SELECT COUNT(*) FROM Inventario; args=None; alias=default
DEBUG 2025-06-16 23:57:26,325 utils 20679 8615993088 (0.283) SELECT COUNT(*) FROM Producto; args=None; alias=default
DEBUG 2025-06-16 23:57:26,663 utils 20679 8615993088 (0.337) SELECT COUNT(*) FROM Usuario; args=None; alias=default
DEBUG 2025-06-16 23:57:26,876 utils 20679 8615993088 (0.212) SELECT COUNT(*) FROM auth_group; args=None; alias=default
DEBUG 2025-06-16 23:57:27,069 utils 20679 8615993088 (0.193) SELECT COUNT(*) FROM auth_group_permissions; args=None; alias=default
DEBUG 2025-06-16 23:57:27,374 utils 20679 8615993088 (0.304) SELECT COUNT(*) FROM auth_permission; args=None; alias=default
DEBUG 2025-06-16 23:57:27,578 utils 20679 8615993088 (0.203) SELECT COUNT(*) FROM auth_user; args=None; alias=default
DEBUG 2025-06-16 23:57:27,796 utils 20679 8615993088 (0.218) SELECT COUNT(*) FROM auth_user_groups; args=None; alias=default
DEBUG 2025-06-16 23:57:27,982 utils 20679 8615993088 (0.186) SELECT COUNT(*) FROM auth_user_user_permissions; args=None; alias=default
DEBUG 2025-06-16 23:57:28,167 utils 20679 8615993088 (0.184) SELECT COUNT(*) FROM django_admin_log; args=None; alias=default
DEBUG 2025-06-16 23:57:28,373 utils 20679 8615993088 (0.206) SELECT COUNT(*) FROM django_content_type; args=None; alias=default
DEBUG 2025-06-16 23:57:28,582 utils 20679 8615993088 (0.209) SELECT COUNT(*) FROM django_migrations; args=None; alias=default
DEBUG 2025-06-16 23:57:28,769 utils 20679 8615993088 (0.187) SELECT COUNT(*) FROM django_session; args=None; alias=default
DEBUG 2025-06-16 23:57:28,942 utils 20679 8615993088 (0.173) SELECT COUNT(*) FROM tienda_categoria; args=None; alias=default
DEBUG 2025-06-16 23:57:29,116 utils 20679 8615993088 (0.174) SELECT COUNT(*) FROM tienda_inventario; args=None; alias=default
DEBUG 2025-06-16 23:57:29,506 utils 20679 8615993088 (0.389) SELECT COUNT(*) FROM tienda_producto; args=None; alias=default
DEBUG 2025-06-16 23:57:29,725 utils 20679 8615993088 (0.219) SELECT COUNT(*) FROM tienda_usuario; args=None; alias=default
DEBUG 2025-06-16 23:57:29,995 utils 20679 8615993088 (0.254) SELECT COUNT(*) AS `__count` FROM `auth_user`; args=(); alias=default
DEBUG 2025-06-16 23:57:30,377 utils 20679 8615993088 (0.381) SELECT COUNT(*) AS `__count` FROM `tienda_categoria`; args=(); alias=default
DEBUG 2025-06-16 23:57:31,094 utils 20679 8615993088 (0.715) SELECT COUNT(*) AS `__count` FROM `tienda_producto`; args=(); alias=default
DEBUG 2025-06-16 23:57:31,444 utils 20679 8615993088 (0.350) SELECT app, name FROM django_migrations ORDER BY app, name; args=None; alias=default
INFO 2025-06-16 23:58:23,223 autoreload 21986 8615993088 Watching for file changes with StatReloader
DEBUG 2025-06-16 23:58:24,658 utils 21986 6121418752 (0.210) 
                SELECT VERSION(),
                       @@sql_mode,
                       @@default_storage_engine,
                       @@sql_auto_is_null,
                       @@lower_case_table_names,
                       CONVERT_TZ('2001-01-01 01:00:00', 'UTC', 'UTC') IS NOT NULL
            ; args=None; alias=default
DEBUG 2025-06-16 23:58:24,841 utils 21986 6121418752 (0.181) SET SESSION TRANSACTION ISOLATION LEVEL READ COMMITTED; args=None; alias=default
DEBUG 2025-06-16 23:58:25,048 utils 21986 6121418752 (0.207) 
            SELECT
                table_name,
                table_type,
                table_comment
            FROM information_schema.tables
            WHERE table_schema = DATABASE()
            ; args=None; alias=default
DEBUG 2025-06-16 23:58:25,229 utils 21986 6121418752 (0.177) SELECT `django_migrations`.`id`, `django_migrations`.`app`, `django_migrations`.`name`, `django_migrations`.`applied` FROM `django_migrations`; args=(); alias=default
INFO 2025-06-16 23:58:58,021 autoreload 23382 8615993088 Watching for file changes with StatReloader
DEBUG 2025-06-16 23:58:59,617 utils 23382 6143062016 (0.206) 
                SELECT VERSION(),
                       @@sql_mode,
                       @@default_storage_engine,
                       @@sql_auto_is_null,
                       @@lower_case_table_names,
                       CONVERT_TZ('2001-01-01 01:00:00', 'UTC', 'UTC') IS NOT NULL
            ; args=None; alias=default
DEBUG 2025-06-16 23:59:00,045 utils 23382 6143062016 (0.426) SET SESSION TRANSACTION ISOLATION LEVEL READ COMMITTED; args=None; alias=default
DEBUG 2025-06-16 23:59:00,229 utils 23382 6143062016 (0.182) 
            SELECT
                table_name,
                table_type,
                table_comment
            FROM information_schema.tables
            WHERE table_schema = DATABASE()
            ; args=None; alias=default
DEBUG 2025-06-16 23:59:00,418 utils 23382 6143062016 (0.183) SELECT `django_migrations`.`id`, `django_migrations`.`app`, `django_migrations`.`name`, `django_migrations`.`applied` FROM `django_migrations`; args=(); alias=default
INFO 2025-06-16 23:59:06,809 views 23382 6159888384 游댏 Acceso a p치gina de login
INFO 2025-06-16 23:59:06,813 basehttp 23382 6159888384 "GET / HTTP/1.1" 200 4421
WARNING 2025-06-16 23:59:07,283 log 23382 6193541120 Not Found: /apple-touch-icon.png
WARNING 2025-06-16 23:59:07,284 log 23382 6210367488 Not Found: /favicon.ico
WARNING 2025-06-16 23:59:07,284 basehttp 23382 6193541120 "GET /apple-touch-icon.png HTTP/1.1" 404 2994
WARNING 2025-06-16 23:59:07,285 log 23382 6176714752 Not Found: /apple-touch-icon-precomposed.png
WARNING 2025-06-16 23:59:07,285 basehttp 23382 6210367488 "GET /favicon.ico HTTP/1.1" 404 2967
WARNING 2025-06-16 23:59:07,285 basehttp 23382 6176714752 "GET /apple-touch-icon-precomposed.png HTTP/1.1" 404 3030
INFO 2025-06-16 23:59:34,976 views 23382 6159888384 游댏 Acceso a p치gina de login
INFO 2025-06-16 23:59:34,977 basehttp 23382 6159888384 "GET /? HTTP/1.1" 200 4421
DEBUG 2025-06-16 23:59:51,351 utils 23382 6159888384 (0.180) 
                SELECT VERSION(),
                       @@sql_mode,
                       @@default_storage_engine,
                       @@sql_auto_is_null,
                       @@lower_case_table_names,
                       CONVERT_TZ('2001-01-01 01:00:00', 'UTC', 'UTC') IS NOT NULL
            ; args=None; alias=default
DEBUG 2025-06-16 23:59:51,527 utils 23382 6159888384 (0.174) SET SESSION TRANSACTION ISOLATION LEVEL READ COMMITTED; args=None; alias=default
DEBUG 2025-06-16 23:59:51,723 utils 23382 6159888384 (0.195) SELECT `django_session`.`session_key`, `django_session`.`session_data`, `django_session`.`expire_date` FROM `django_session` WHERE (`django_session`.`expire_date` > '2025-06-16 23:59:49.867651' AND `django_session`.`session_key` = 'rkc3bifchc4ob8fwyz6nuectm5kgzryd') LIMIT 21; args=('2025-06-16 23:59:49.867651', 'rkc3bifchc4ob8fwyz6nuectm5kgzryd'); alias=default
DEBUG 2025-06-16 23:59:51,931 utils 23382 6159888384 (0.204) SELECT `auth_user`.`id`, `auth_user`.`password`, `auth_user`.`last_login`, `auth_user`.`is_superuser`, `auth_user`.`username`, `auth_user`.`first_name`, `auth_user`.`last_name`, `auth_user`.`email`, `auth_user`.`is_staff`, `auth_user`.`is_active`, `auth_user`.`date_joined` FROM `auth_user` WHERE `auth_user`.`id` = 1 LIMIT 21; args=(1,); alias=default
DEBUG 2025-06-16 23:59:52,263 utils 23382 6159888384 (0.283) SELECT `django_admin_log`.`id`, `django_admin_log`.`action_time`, `django_admin_log`.`user_id`, `django_admin_log`.`content_type_id`, `django_admin_log`.`object_id`, `django_admin_log`.`object_repr`, `django_admin_log`.`action_flag`, `django_admin_log`.`change_message`, `auth_user`.`id`, `auth_user`.`password`, `auth_user`.`last_login`, `auth_user`.`is_superuser`, `auth_user`.`username`, `auth_user`.`first_name`, `auth_user`.`last_name`, `auth_user`.`email`, `auth_user`.`is_staff`, `auth_user`.`is_active`, `auth_user`.`date_joined`, `django_content_type`.`id`, `django_content_type`.`app_label`, `django_content_type`.`model` FROM `django_admin_log` INNER JOIN `auth_user` ON (`django_admin_log`.`user_id` = `auth_user`.`id`) LEFT OUTER JOIN `django_content_type` ON (`django_admin_log`.`content_type_id` = `django_content_type`.`id`) WHERE `django_admin_log`.`user_id` = 1 ORDER BY `django_admin_log`.`action_time` DESC LIMIT 10; args=(1,); alias=default
INFO 2025-06-16 23:59:52,265 basehttp 23382 6159888384 "GET /admin/ HTTP/1.1" 200 7968
DEBUG 2025-06-17 00:00:04,598 utils 23382 6159888384 (0.250) SET SESSION TRANSACTION ISOLATION LEVEL READ COMMITTED; args=None; alias=default
DEBUG 2025-06-17 00:00:04,890 utils 23382 6159888384 (0.290) SELECT `django_session`.`session_key`, `django_session`.`session_data`, `django_session`.`expire_date` FROM `django_session` WHERE (`django_session`.`expire_date` > '2025-06-17 00:00:03.070758' AND `django_session`.`session_key` = 'rkc3bifchc4ob8fwyz6nuectm5kgzryd') LIMIT 21; args=('2025-06-17 00:00:03.070758', 'rkc3bifchc4ob8fwyz6nuectm5kgzryd'); alias=default
DEBUG 2025-06-17 00:00:05,188 utils 23382 6159888384 (0.293) SELECT `auth_user`.`id`, `auth_user`.`password`, `auth_user`.`last_login`, `auth_user`.`is_superuser`, `auth_user`.`username`, `auth_user`.`first_name`, `auth_user`.`last_name`, `auth_user`.`email`, `auth_user`.`is_staff`, `auth_user`.`is_active`, `auth_user`.`date_joined` FROM `auth_user` WHERE `auth_user`.`id` = 1 LIMIT 21; args=(1,); alias=default
DEBUG 2025-06-17 00:00:05,442 utils 23382 6159888384 (0.241) SELECT COUNT(*) AS `__count` FROM `tienda_usuario`; args=(); alias=default
DEBUG 2025-06-17 00:00:05,644 utils 23382 6159888384 (0.200) SELECT COUNT(*) AS `__count` FROM `tienda_usuario`; args=(); alias=default
DEBUG 2025-06-17 00:00:05,959 utils 23382 6159888384 (0.312) SELECT `tienda_usuario`.`id`, `tienda_usuario`.`nombre`, `tienda_usuario`.`correo_electronico`, `tienda_usuario`.`contrasena`, `tienda_usuario`.`tipo_usuario` FROM `tienda_usuario` ORDER BY `tienda_usuario`.`id` DESC; args=(); alias=default
INFO 2025-06-17 00:00:05,996 basehttp 23382 6159888384 "GET /admin/tienda/usuario/ HTTP/1.1" 200 10923
DEBUG 2025-06-17 00:00:07,498 utils 23382 6159888384 (0.170) SET SESSION TRANSACTION ISOLATION LEVEL READ COMMITTED; args=None; alias=default
DEBUG 2025-06-17 00:00:07,700 utils 23382 6159888384 (0.200) SELECT `django_session`.`session_key`, `django_session`.`session_data`, `django_session`.`expire_date` FROM `django_session` WHERE (`django_session`.`expire_date` > '2025-06-17 00:00:06.017436' AND `django_session`.`session_key` = 'rkc3bifchc4ob8fwyz6nuectm5kgzryd') LIMIT 21; args=('2025-06-17 00:00:06.017436', 'rkc3bifchc4ob8fwyz6nuectm5kgzryd'); alias=default
DEBUG 2025-06-17 00:00:07,932 utils 23382 6159888384 (0.228) SELECT `auth_user`.`id`, `auth_user`.`password`, `auth_user`.`last_login`, `auth_user`.`is_superuser`, `auth_user`.`username`, `auth_user`.`first_name`, `auth_user`.`last_name`, `auth_user`.`email`, `auth_user`.`is_staff`, `auth_user`.`is_active`, `auth_user`.`date_joined` FROM `auth_user` WHERE `auth_user`.`id` = 1 LIMIT 21; args=(1,); alias=default
INFO 2025-06-17 00:00:07,944 basehttp 23382 6159888384 "GET /admin/jsi18n/ HTTP/1.1" 200 8006
DEBUG 2025-06-17 00:00:19,684 utils 23382 6159888384 (0.170) SET SESSION TRANSACTION ISOLATION LEVEL READ COMMITTED; args=None; alias=default
DEBUG 2025-06-17 00:00:19,857 utils 23382 6159888384 (0.171) SELECT `django_session`.`session_key`, `django_session`.`session_data`, `django_session`.`expire_date` FROM `django_session` WHERE (`django_session`.`expire_date` > '2025-06-17 00:00:18.323973' AND `django_session`.`session_key` = 'rkc3bifchc4ob8fwyz6nuectm5kgzryd') LIMIT 21; args=('2025-06-17 00:00:18.323973', 'rkc3bifchc4ob8fwyz6nuectm5kgzryd'); alias=default
DEBUG 2025-06-17 00:00:20,062 utils 23382 6159888384 (0.202) SELECT `auth_user`.`id`, `auth_user`.`password`, `auth_user`.`last_login`, `auth_user`.`is_superuser`, `auth_user`.`username`, `auth_user`.`first_name`, `auth_user`.`last_name`, `auth_user`.`email`, `auth_user`.`is_staff`, `auth_user`.`is_active`, `auth_user`.`date_joined` FROM `auth_user` WHERE `auth_user`.`id` = 1 LIMIT 21; args=(1,); alias=default
DEBUG 2025-06-17 00:00:20,307 utils 23382 6159888384 (0.244) SELECT COUNT(*) AS `__count` FROM `tienda_usuario` WHERE `tienda_usuario`.`tipo_usuario` = 'cliente'; args=('cliente',); alias=default
DEBUG 2025-06-17 00:00:20,502 utils 23382 6159888384 (0.192) SELECT COUNT(*) AS `__count` FROM `tienda_usuario`; args=(); alias=default
DEBUG 2025-06-17 00:00:20,700 utils 23382 6159888384 (0.192) SELECT `tienda_usuario`.`id`, `tienda_usuario`.`nombre`, `tienda_usuario`.`correo_electronico`, `tienda_usuario`.`contrasena`, `tienda_usuario`.`tipo_usuario` FROM `tienda_usuario` WHERE `tienda_usuario`.`tipo_usuario` = 'cliente' ORDER BY `tienda_usuario`.`id` DESC; args=('cliente',); alias=default
INFO 2025-06-17 00:00:20,712 basehttp 23382 6159888384 "GET /admin/tienda/usuario/?tipo_usuario__exact=cliente HTTP/1.1" 200 11304
DEBUG 2025-06-17 00:00:22,215 utils 23382 6159888384 (0.221) SET SESSION TRANSACTION ISOLATION LEVEL READ COMMITTED; args=None; alias=default
DEBUG 2025-06-17 00:00:22,396 utils 23382 6159888384 (0.181) SELECT `django_session`.`session_key`, `django_session`.`session_data`, `django_session`.`expire_date` FROM `django_session` WHERE (`django_session`.`expire_date` > '2025-06-17 00:00:20.728888' AND `django_session`.`session_key` = 'rkc3bifchc4ob8fwyz6nuectm5kgzryd') LIMIT 21; args=('2025-06-17 00:00:20.728888', 'rkc3bifchc4ob8fwyz6nuectm5kgzryd'); alias=default
DEBUG 2025-06-17 00:00:22,653 utils 23382 6159888384 (0.255) SELECT `auth_user`.`id`, `auth_user`.`password`, `auth_user`.`last_login`, `auth_user`.`is_superuser`, `auth_user`.`username`, `auth_user`.`first_name`, `auth_user`.`last_name`, `auth_user`.`email`, `auth_user`.`is_staff`, `auth_user`.`is_active`, `auth_user`.`date_joined` FROM `auth_user` WHERE `auth_user`.`id` = 1 LIMIT 21; args=(1,); alias=default
INFO 2025-06-17 00:00:22,657 basehttp 23382 6159888384 "GET /admin/jsi18n/ HTTP/1.1" 200 8006
DEBUG 2025-06-17 00:00:25,460 utils 23382 6159888384 (0.176) SET SESSION TRANSACTION ISOLATION LEVEL READ COMMITTED; args=None; alias=default
DEBUG 2025-06-17 00:00:25,649 utils 23382 6159888384 (0.189) SELECT `django_session`.`session_key`, `django_session`.`session_data`, `django_session`.`expire_date` FROM `django_session` WHERE (`django_session`.`expire_date` > '2025-06-17 00:00:24.012395' AND `django_session`.`session_key` = 'rkc3bifchc4ob8fwyz6nuectm5kgzryd') LIMIT 21; args=('2025-06-17 00:00:24.012395', 'rkc3bifchc4ob8fwyz6nuectm5kgzryd'); alias=default
DEBUG 2025-06-17 00:00:25,842 utils 23382 6159888384 (0.190) SELECT `auth_user`.`id`, `auth_user`.`password`, `auth_user`.`last_login`, `auth_user`.`is_superuser`, `auth_user`.`username`, `auth_user`.`first_name`, `auth_user`.`last_name`, `auth_user`.`email`, `auth_user`.`is_staff`, `auth_user`.`is_active`, `auth_user`.`date_joined` FROM `auth_user` WHERE `auth_user`.`id` = 1 LIMIT 21; args=(1,); alias=default
DEBUG 2025-06-17 00:00:26,086 utils 23382 6159888384 (0.243) BEGIN; args=None; alias=default
DEBUG 2025-06-17 00:00:26,406 utils 23382 6159888384 (0.316) SELECT `tienda_usuario`.`id`, `tienda_usuario`.`nombre`, `tienda_usuario`.`correo_electronico`, `tienda_usuario`.`contrasena`, `tienda_usuario`.`tipo_usuario` FROM `tienda_usuario` WHERE `tienda_usuario`.`id` = 1 LIMIT 21; args=(1,); alias=default
DEBUG 2025-06-17 00:00:26,619 utils 23382 6159888384 (0.207) SELECT `django_content_type`.`id`, `django_content_type`.`app_label`, `django_content_type`.`model` FROM `django_content_type` WHERE (`django_content_type`.`app_label` = 'tienda' AND `django_content_type`.`model` = 'usuario') LIMIT 21; args=('tienda', 'usuario'); alias=default
DEBUG 2025-06-17 00:00:26,793 utils 23382 6159888384 (0.173) COMMIT; args=None; alias=default
INFO 2025-06-17 00:00:27,003 basehttp 23382 6159888384 "GET /admin/tienda/usuario/1/change/?_changelist_filters=tipo_usuario__exact%3Dcliente HTTP/1.1" 200 11798
DEBUG 2025-06-17 00:00:28,545 utils 23382 6159888384 (0.177) SET SESSION TRANSACTION ISOLATION LEVEL READ COMMITTED; args=None; alias=default
DEBUG 2025-06-17 00:00:28,730 utils 23382 6159888384 (0.185) SELECT `django_session`.`session_key`, `django_session`.`session_data`, `django_session`.`expire_date` FROM `django_session` WHERE (`django_session`.`expire_date` > '2025-06-17 00:00:27.017219' AND `django_session`.`session_key` = 'rkc3bifchc4ob8fwyz6nuectm5kgzryd') LIMIT 21; args=('2025-06-17 00:00:27.017219', 'rkc3bifchc4ob8fwyz6nuectm5kgzryd'); alias=default
DEBUG 2025-06-17 00:00:28,933 utils 23382 6159888384 (0.200) SELECT `auth_user`.`id`, `auth_user`.`password`, `auth_user`.`last_login`, `auth_user`.`is_superuser`, `auth_user`.`username`, `auth_user`.`first_name`, `auth_user`.`last_name`, `auth_user`.`email`, `auth_user`.`is_staff`, `auth_user`.`is_active`, `auth_user`.`date_joined` FROM `auth_user` WHERE `auth_user`.`id` = 1 LIMIT 21; args=(1,); alias=default
INFO 2025-06-17 00:00:28,938 basehttp 23382 6159888384 "GET /admin/jsi18n/ HTTP/1.1" 200 8006
INFO 2025-06-17 00:00:38,775 views 23382 6159888384 游댏 Acceso a p치gina de login
INFO 2025-06-17 00:00:38,776 basehttp 23382 6159888384 "GET / HTTP/1.1" 200 4421
INFO 2025-06-17 00:00:56,723 views 23382 6159888384 游댏 Acceso a p치gina de login
INFO 2025-06-17 00:00:56,725 basehttp 23382 6159888384 "GET /? HTTP/1.1" 200 4421
INFO 2025-06-17 00:01:53,010 views 23382 6159888384 游댏 Acceso a p치gina de login
INFO 2025-06-17 00:01:53,012 basehttp 23382 6159888384 "GET /? HTTP/1.1" 200 4421
DEBUG 2025-06-17 00:02:13,925 utils 24071 8615993088 (0.177) 
                SELECT VERSION(),
                       @@sql_mode,
                       @@default_storage_engine,
                       @@sql_auto_is_null,
                       @@lower_case_table_names,
                       CONVERT_TZ('2001-01-01 01:00:00', 'UTC', 'UTC') IS NOT NULL
            ; args=None; alias=default
DEBUG 2025-06-17 00:02:14,331 utils 24071 8615993088 (0.403) SET SESSION TRANSACTION ISOLATION LEVEL READ COMMITTED; args=None; alias=default
DEBUG 2025-06-17 00:02:14,518 utils 24071 8615993088 (0.186) SELECT VERSION(); args=None; alias=default
DEBUG 2025-06-17 00:02:14,702 utils 24071 8615993088 (0.183) SELECT DATABASE(); args=None; alias=default
DEBUG 2025-06-17 00:02:14,877 utils 24071 8615993088 (0.175) SELECT @@hostname; args=None; alias=default
DEBUG 2025-06-17 00:02:15,149 utils 24071 8615993088 (0.271) SELECT USER(); args=None; alias=default
DEBUG 2025-06-17 00:02:15,337 utils 24071 8615993088 (0.188) SHOW TABLES; args=None; alias=default
DEBUG 2025-06-17 00:02:15,520 utils 24071 8615993088 (0.182) SELECT COUNT(*) FROM Categoria; args=None; alias=default
DEBUG 2025-06-17 00:02:15,713 utils 24071 8615993088 (0.192) SELECT COUNT(*) FROM Inventario; args=None; alias=default
DEBUG 2025-06-17 00:02:15,898 utils 24071 8615993088 (0.184) SELECT COUNT(*) FROM Producto; args=None; alias=default
DEBUG 2025-06-17 00:02:16,068 utils 24071 8615993088 (0.170) SELECT COUNT(*) FROM Usuario; args=None; alias=default
DEBUG 2025-06-17 00:02:16,246 utils 24071 8615993088 (0.177) SELECT COUNT(*) FROM auth_group; args=None; alias=default
DEBUG 2025-06-17 00:02:16,416 utils 24071 8615993088 (0.169) SELECT COUNT(*) FROM auth_group_permissions; args=None; alias=default
DEBUG 2025-06-17 00:02:16,614 utils 24071 8615993088 (0.197) SELECT COUNT(*) FROM auth_permission; args=None; alias=default
DEBUG 2025-06-17 00:02:16,803 utils 24071 8615993088 (0.189) SELECT COUNT(*) FROM auth_user; args=None; alias=default
DEBUG 2025-06-17 00:02:16,986 utils 24071 8615993088 (0.182) SELECT COUNT(*) FROM auth_user_groups; args=None; alias=default
DEBUG 2025-06-17 00:02:17,170 utils 24071 8615993088 (0.184) SELECT COUNT(*) FROM auth_user_user_permissions; args=None; alias=default
DEBUG 2025-06-17 00:02:17,347 utils 24071 8615993088 (0.176) SELECT COUNT(*) FROM django_admin_log; args=None; alias=default
DEBUG 2025-06-17 00:02:17,567 utils 24071 8615993088 (0.219) SELECT COUNT(*) FROM django_content_type; args=None; alias=default
DEBUG 2025-06-17 00:02:17,752 utils 24071 8615993088 (0.185) SELECT COUNT(*) FROM django_migrations; args=None; alias=default
DEBUG 2025-06-17 00:02:17,921 utils 24071 8615993088 (0.169) SELECT COUNT(*) FROM django_session; args=None; alias=default
DEBUG 2025-06-17 00:02:18,207 utils 24071 8615993088 (0.285) SELECT COUNT(*) FROM tienda_categoria; args=None; alias=default
DEBUG 2025-06-17 00:02:18,378 utils 24071 8615993088 (0.170) SELECT COUNT(*) FROM tienda_inventario; args=None; alias=default
DEBUG 2025-06-17 00:02:18,639 utils 24071 8615993088 (0.261) SELECT COUNT(*) FROM tienda_producto; args=None; alias=default
DEBUG 2025-06-17 00:02:18,833 utils 24071 8615993088 (0.193) SELECT COUNT(*) FROM tienda_usuario; args=None; alias=default
DEBUG 2025-06-17 00:02:19,038 utils 24071 8615993088 (0.179) SELECT COUNT(*) AS `__count` FROM `auth_user`; args=(); alias=default
DEBUG 2025-06-17 00:02:19,233 utils 24071 8615993088 (0.193) SELECT COUNT(*) AS `__count` FROM `tienda_categoria`; args=(); alias=default
DEBUG 2025-06-17 00:02:19,444 utils 24071 8615993088 (0.211) SELECT COUNT(*) AS `__count` FROM `tienda_producto`; args=(); alias=default
DEBUG 2025-06-17 00:02:19,622 utils 24071 8615993088 (0.177) SELECT app, name FROM django_migrations ORDER BY app, name; args=None; alias=default
INFO 2025-06-17 00:02:35,339 autoreload 24355 8615993088 Watching for file changes with StatReloader
DEBUG 2025-06-17 00:02:37,812 utils 24355 6179319808 (0.235) 
                SELECT VERSION(),
                       @@sql_mode,
                       @@default_storage_engine,
                       @@sql_auto_is_null,
                       @@lower_case_table_names,
                       CONVERT_TZ('2001-01-01 01:00:00', 'UTC', 'UTC') IS NOT NULL
            ; args=None; alias=default
DEBUG 2025-06-17 00:02:37,982 utils 24355 6179319808 (0.168) SET SESSION TRANSACTION ISOLATION LEVEL READ COMMITTED; args=None; alias=default
DEBUG 2025-06-17 00:02:38,162 utils 24355 6179319808 (0.179) 
            SELECT
                table_name,
                table_type,
                table_comment
            FROM information_schema.tables
            WHERE table_schema = DATABASE()
            ; args=None; alias=default
DEBUG 2025-06-17 00:02:38,344 utils 24355 6179319808 (0.177) SELECT `django_migrations`.`id`, `django_migrations`.`app`, `django_migrations`.`name`, `django_migrations`.`applied` FROM `django_migrations`; args=(); alias=default
DEBUG 2025-06-17 00:02:41,128 utils 24355 6196146176 (0.187) 
                SELECT VERSION(),
                       @@sql_mode,
                       @@default_storage_engine,
                       @@sql_auto_is_null,
                       @@lower_case_table_names,
                       CONVERT_TZ('2001-01-01 01:00:00', 'UTC', 'UTC') IS NOT NULL
            ; args=None; alias=default
DEBUG 2025-06-17 00:02:41,364 utils 24355 6196146176 (0.234) SET SESSION TRANSACTION ISOLATION LEVEL READ COMMITTED; args=None; alias=default
DEBUG 2025-06-17 00:02:41,539 utils 24355 6196146176 (0.174) SELECT `django_session`.`session_key`, `django_session`.`session_data`, `django_session`.`expire_date` FROM `django_session` WHERE (`django_session`.`expire_date` > '2025-06-17 00:02:39.454271' AND `django_session`.`session_key` = 'rkc3bifchc4ob8fwyz6nuectm5kgzryd') LIMIT 21; args=('2025-06-17 00:02:39.454271', 'rkc3bifchc4ob8fwyz6nuectm5kgzryd'); alias=default
DEBUG 2025-06-17 00:02:41,726 utils 24355 6196146176 (0.183) SELECT `auth_user`.`id`, `auth_user`.`password`, `auth_user`.`last_login`, `auth_user`.`is_superuser`, `auth_user`.`username`, `auth_user`.`first_name`, `auth_user`.`last_name`, `auth_user`.`email`, `auth_user`.`is_staff`, `auth_user`.`is_active`, `auth_user`.`date_joined` FROM `auth_user` WHERE `auth_user`.`id` = 1 LIMIT 21; args=(1,); alias=default
DEBUG 2025-06-17 00:02:41,990 utils 24355 6196146176 (0.219) SELECT `django_admin_log`.`id`, `django_admin_log`.`action_time`, `django_admin_log`.`user_id`, `django_admin_log`.`content_type_id`, `django_admin_log`.`object_id`, `django_admin_log`.`object_repr`, `django_admin_log`.`action_flag`, `django_admin_log`.`change_message`, `auth_user`.`id`, `auth_user`.`password`, `auth_user`.`last_login`, `auth_user`.`is_superuser`, `auth_user`.`username`, `auth_user`.`first_name`, `auth_user`.`last_name`, `auth_user`.`email`, `auth_user`.`is_staff`, `auth_user`.`is_active`, `auth_user`.`date_joined`, `django_content_type`.`id`, `django_content_type`.`app_label`, `django_content_type`.`model` FROM `django_admin_log` INNER JOIN `auth_user` ON (`django_admin_log`.`user_id` = `auth_user`.`id`) LEFT OUTER JOIN `django_content_type` ON (`django_admin_log`.`content_type_id` = `django_content_type`.`id`) WHERE `django_admin_log`.`user_id` = 1 ORDER BY `django_admin_log`.`action_time` DESC LIMIT 10; args=(1,); alias=default
INFO 2025-06-17 00:02:41,992 basehttp 24355 6196146176 "GET /admin/ HTTP/1.1" 200 7968
INFO 2025-06-17 00:02:42,223 basehttp 24355 6280278016 "GET /static/admin/css/dashboard.css HTTP/1.1" 200 441
INFO 2025-06-17 00:02:42,228 basehttp 24355 6246625280 "GET /static/admin/css/nav_sidebar.css HTTP/1.1" 200 2694
INFO 2025-06-17 00:02:42,229 basehttp 24355 6212972544 "GET /static/admin/css/dark_mode.css HTTP/1.1" 200 2929
INFO 2025-06-17 00:02:42,236 basehttp 24355 6263451648 "GET /static/admin/js/nav_sidebar.js HTTP/1.1" 200 3063
INFO 2025-06-17 00:02:42,236 basehttp 24355 6196146176 "GET /static/admin/css/base.css HTTP/1.1" 200 21310
INFO 2025-06-17 00:02:42,237 basehttp 24355 6229798912 "GET /static/admin/js/theme.js HTTP/1.1" 200 1943
INFO 2025-06-17 00:02:42,237 basehttp 24355 6280278016 "GET /static/admin/css/responsive.css HTTP/1.1" 200 18559
INFO 2025-06-17 00:02:42,272 basehttp 24355 6246625280 "GET /static/admin/img/icon-addlink.svg HTTP/1.1" 200 331
INFO 2025-06-17 00:02:42,273 basehttp 24355 6212972544 "GET /static/admin/img/icon-changelink.svg HTTP/1.1" 200 380
DEBUG 2025-06-17 00:02:46,458 utils 24355 6263451648 (0.226) 
                SELECT VERSION(),
                       @@sql_mode,
                       @@default_storage_engine,
                       @@sql_auto_is_null,
                       @@lower_case_table_names,
                       CONVERT_TZ('2001-01-01 01:00:00', 'UTC', 'UTC') IS NOT NULL
            ; args=None; alias=default
DEBUG 2025-06-17 00:02:46,775 utils 24355 6263451648 (0.315) SET SESSION TRANSACTION ISOLATION LEVEL READ COMMITTED; args=None; alias=default
DEBUG 2025-06-17 00:02:47,003 utils 24355 6263451648 (0.228) SELECT `django_session`.`session_key`, `django_session`.`session_data`, `django_session`.`expire_date` FROM `django_session` WHERE (`django_session`.`expire_date` > '2025-06-17 00:02:44.653911' AND `django_session`.`session_key` = 'rkc3bifchc4ob8fwyz6nuectm5kgzryd') LIMIT 21; args=('2025-06-17 00:02:44.653911', 'rkc3bifchc4ob8fwyz6nuectm5kgzryd'); alias=default
DEBUG 2025-06-17 00:02:47,186 utils 24355 6263451648 (0.180) SELECT `auth_user`.`id`, `auth_user`.`password`, `auth_user`.`last_login`, `auth_user`.`is_superuser`, `auth_user`.`username`, `auth_user`.`first_name`, `auth_user`.`last_name`, `auth_user`.`email`, `auth_user`.`is_staff`, `auth_user`.`is_active`, `auth_user`.`date_joined` FROM `auth_user` WHERE `auth_user`.`id` = 1 LIMIT 21; args=(1,); alias=default
DEBUG 2025-06-17 00:02:47,406 utils 24355 6263451648 (0.217) SELECT `auth_group`.`id`, `auth_group`.`name` FROM `auth_group` ORDER BY `auth_group`.`name` ASC; args=(); alias=default
DEBUG 2025-06-17 00:02:47,580 utils 24355 6263451648 (0.171) SELECT COUNT(*) AS `__count` FROM `auth_user`; args=(); alias=default
DEBUG 2025-06-17 00:02:47,751 utils 24355 6263451648 (0.170) SELECT COUNT(*) AS `__count` FROM `auth_user`; args=(); alias=default
DEBUG 2025-06-17 00:02:48,062 utils 24355 6263451648 (0.302) SELECT `auth_user`.`id`, `auth_user`.`password`, `auth_user`.`last_login`, `auth_user`.`is_superuser`, `auth_user`.`username`, `auth_user`.`first_name`, `auth_user`.`last_name`, `auth_user`.`email`, `auth_user`.`is_staff`, `auth_user`.`is_active`, `auth_user`.`date_joined` FROM `auth_user` ORDER BY `auth_user`.`username` ASC; args=(); alias=default
INFO 2025-06-17 00:02:48,098 basehttp 24355 6263451648 "GET /admin/auth/user/ HTTP/1.1" 200 12129
DEBUG 2025-06-17 00:02:50,176 utils 24355 6280278016 (0.275) 
                SELECT VERSION(),
                       @@sql_mode,
                       @@default_storage_engine,
                       @@sql_auto_is_null,
                       @@lower_case_table_names,
                       CONVERT_TZ('2001-01-01 01:00:00', 'UTC', 'UTC') IS NOT NULL
            ; args=None; alias=default
DEBUG 2025-06-17 00:02:50,390 utils 24355 6280278016 (0.214) SET SESSION TRANSACTION ISOLATION LEVEL READ COMMITTED; args=None; alias=default
DEBUG 2025-06-17 00:02:50,591 utils 24355 6280278016 (0.200) SELECT `django_session`.`session_key`, `django_session`.`session_data`, `django_session`.`expire_date` FROM `django_session` WHERE (`django_session`.`expire_date` > '2025-06-17 00:02:48.122148' AND `django_session`.`session_key` = 'rkc3bifchc4ob8fwyz6nuectm5kgzryd') LIMIT 21; args=('2025-06-17 00:02:48.122148', 'rkc3bifchc4ob8fwyz6nuectm5kgzryd'); alias=default
DEBUG 2025-06-17 00:02:50,944 utils 24355 6280278016 (0.347) SELECT `auth_user`.`id`, `auth_user`.`password`, `auth_user`.`last_login`, `auth_user`.`is_superuser`, `auth_user`.`username`, `auth_user`.`first_name`, `auth_user`.`last_name`, `auth_user`.`email`, `auth_user`.`is_staff`, `auth_user`.`is_active`, `auth_user`.`date_joined` FROM `auth_user` WHERE `auth_user`.`id` = 1 LIMIT 21; args=(1,); alias=default
INFO 2025-06-17 00:02:50,955 basehttp 24355 6280278016 "GET /admin/jsi18n/ HTTP/1.1" 200 8006
DEBUG 2025-06-17 00:02:56,775 utils 24355 6246625280 (0.198) 
                SELECT VERSION(),
                       @@sql_mode,
                       @@default_storage_engine,
                       @@sql_auto_is_null,
                       @@lower_case_table_names,
                       CONVERT_TZ('2001-01-01 01:00:00', 'UTC', 'UTC') IS NOT NULL
            ; args=None; alias=default
DEBUG 2025-06-17 00:02:57,184 utils 24355 6246625280 (0.406) SET SESSION TRANSACTION ISOLATION LEVEL READ COMMITTED; args=None; alias=default
DEBUG 2025-06-17 00:02:57,388 utils 24355 6246625280 (0.204) SELECT `django_session`.`session_key`, `django_session`.`session_data`, `django_session`.`expire_date` FROM `django_session` WHERE (`django_session`.`expire_date` > '2025-06-17 00:02:54.918134' AND `django_session`.`session_key` = 'rkc3bifchc4ob8fwyz6nuectm5kgzryd') LIMIT 21; args=('2025-06-17 00:02:54.918134', 'rkc3bifchc4ob8fwyz6nuectm5kgzryd'); alias=default
DEBUG 2025-06-17 00:02:57,584 utils 24355 6246625280 (0.184) SELECT `auth_user`.`id`, `auth_user`.`password`, `auth_user`.`last_login`, `auth_user`.`is_superuser`, `auth_user`.`username`, `auth_user`.`first_name`, `auth_user`.`last_name`, `auth_user`.`email`, `auth_user`.`is_staff`, `auth_user`.`is_active`, `auth_user`.`date_joined` FROM `auth_user` WHERE `auth_user`.`id` = 1 LIMIT 21; args=(1,); alias=default
DEBUG 2025-06-17 00:02:57,855 utils 24355 6246625280 (0.266) SELECT COUNT(*) AS `__count` FROM `tienda_usuario`; args=(); alias=default
DEBUG 2025-06-17 00:02:58,110 utils 24355 6246625280 (0.252) SELECT COUNT(*) AS `__count` FROM `tienda_usuario`; args=(); alias=default
DEBUG 2025-06-17 00:02:58,309 utils 24355 6246625280 (0.194) SELECT `tienda_usuario`.`id`, `tienda_usuario`.`nombre`, `tienda_usuario`.`correo_electronico`, `tienda_usuario`.`contrasena`, `tienda_usuario`.`tipo_usuario` FROM `tienda_usuario` ORDER BY `tienda_usuario`.`id` DESC; args=(); alias=default
INFO 2025-06-17 00:02:58,330 basehttp 24355 6246625280 "GET /admin/tienda/usuario/ HTTP/1.1" 200 10923
DEBUG 2025-06-17 00:03:00,145 utils 24355 6196146176 (0.176) SET SESSION TRANSACTION ISOLATION LEVEL READ COMMITTED; args=None; alias=default
DEBUG 2025-06-17 00:03:00,361 utils 24355 6196146176 (0.215) SELECT `django_session`.`session_key`, `django_session`.`session_data`, `django_session`.`expire_date` FROM `django_session` WHERE (`django_session`.`expire_date` > '2025-06-17 00:02:58.334442' AND `django_session`.`session_key` = 'rkc3bifchc4ob8fwyz6nuectm5kgzryd') LIMIT 21; args=('2025-06-17 00:02:58.334442', 'rkc3bifchc4ob8fwyz6nuectm5kgzryd'); alias=default
DEBUG 2025-06-17 00:03:00,660 utils 24355 6196146176 (0.298) SELECT `auth_user`.`id`, `auth_user`.`password`, `auth_user`.`last_login`, `auth_user`.`is_superuser`, `auth_user`.`username`, `auth_user`.`first_name`, `auth_user`.`last_name`, `auth_user`.`email`, `auth_user`.`is_staff`, `auth_user`.`is_active`, `auth_user`.`date_joined` FROM `auth_user` WHERE `auth_user`.`id` = 1 LIMIT 21; args=(1,); alias=default
INFO 2025-06-17 00:03:00,664 basehttp 24355 6196146176 "GET /admin/jsi18n/ HTTP/1.1" 200 8006
DEBUG 2025-06-17 00:08:38,844 utils 25474 8615993088 (0.180) 
                SELECT VERSION(),
                       @@sql_mode,
                       @@default_storage_engine,
                       @@sql_auto_is_null,
                       @@lower_case_table_names,
                       CONVERT_TZ('2001-01-01 01:00:00', 'UTC', 'UTC') IS NOT NULL
            ; args=None; alias=default
DEBUG 2025-06-17 00:08:39,021 utils 25474 8615993088 (0.174) SET SESSION TRANSACTION ISOLATION LEVEL READ COMMITTED; args=None; alias=default
DEBUG 2025-06-17 00:08:39,197 utils 25474 8615993088 (0.174) SELECT DATABASE(), USER(), VERSION(); args=None; alias=default
DEBUG 2025-06-17 00:08:49,306 utils 25474 8615993088 (0.312) SELECT COUNT(*) AS `__count` FROM `auth_user`; args=(); alias=default
DEBUG 2025-06-17 00:08:51,800 utils 25474 8615993088 (0.195) SELECT `auth_user`.`id`, `auth_user`.`password`, `auth_user`.`last_login`, `auth_user`.`is_superuser`, `auth_user`.`username`, `auth_user`.`first_name`, `auth_user`.`last_name`, `auth_user`.`email`, `auth_user`.`is_staff`, `auth_user`.`is_active`, `auth_user`.`date_joined` FROM `auth_user`; args=(); alias=default
DEBUG 2025-06-17 00:09:02,444 utils 25474 8615993088 (0.180) SELECT 1 AS `a` FROM `auth_user` WHERE `auth_user`.`is_superuser` = 1 LIMIT 1; args=(1, True); alias=default
INFO 2025-06-17 00:10:23,254 autoreload 24355 8615993088 /Users/jesusalmanza/Desktop/RecetasChidas/RecetasChidas/RecetasChidas/tienda/presentation/urls.py changed, reloading.
INFO 2025-06-17 00:10:23,601 autoreload 26098 8615993088 Watching for file changes with StatReloader
DEBUG 2025-06-17 00:10:25,597 utils 26098 6105411584 (0.386) 
                SELECT VERSION(),
                       @@sql_mode,
                       @@default_storage_engine,
                       @@sql_auto_is_null,
                       @@lower_case_table_names,
                       CONVERT_TZ('2001-01-01 01:00:00', 'UTC', 'UTC') IS NOT NULL
            ; args=None; alias=default
DEBUG 2025-06-17 00:10:25,793 utils 26098 6105411584 (0.195) SET SESSION TRANSACTION ISOLATION LEVEL READ COMMITTED; args=None; alias=default
DEBUG 2025-06-17 00:10:26,168 utils 26098 6105411584 (0.375) 
            SELECT
                table_name,
                table_type,
                table_comment
            FROM information_schema.tables
            WHERE table_schema = DATABASE()
            ; args=None; alias=default
DEBUG 2025-06-17 00:10:26,378 utils 26098 6105411584 (0.206) SELECT `django_migrations`.`id`, `django_migrations`.`app`, `django_migrations`.`name`, `django_migrations`.`applied` FROM `django_migrations`; args=(); alias=default
INFO 2025-06-17 00:12:31,037 autoreload 27086 8615993088 Watching for file changes with StatReloader
DEBUG 2025-06-17 00:12:32,662 utils 27086 6180646912 (0.204) 
                SELECT VERSION(),
                       @@sql_mode,
                       @@default_storage_engine,
                       @@sql_auto_is_null,
                       @@lower_case_table_names,
                       CONVERT_TZ('2001-01-01 01:00:00', 'UTC', 'UTC') IS NOT NULL
            ; args=None; alias=default
DEBUG 2025-06-17 00:12:32,837 utils 27086 6180646912 (0.173) SET SESSION TRANSACTION ISOLATION LEVEL READ COMMITTED; args=None; alias=default
DEBUG 2025-06-17 00:12:33,026 utils 27086 6180646912 (0.189) 
            SELECT
                table_name,
                table_type,
                table_comment
            FROM information_schema.tables
            WHERE table_schema = DATABASE()
            ; args=None; alias=default
DEBUG 2025-06-17 00:12:33,215 utils 27086 6180646912 (0.182) SELECT `django_migrations`.`id`, `django_migrations`.`app`, `django_migrations`.`name`, `django_migrations`.`applied` FROM `django_migrations`; args=(); alias=default
INFO 2025-06-17 00:12:38,793 views 27086 6197473280 游댏 Acceso a p치gina de login
INFO 2025-06-17 00:12:38,796 basehttp 27086 6197473280 "GET / HTTP/1.1" 200 4421
INFO 2025-06-17 00:12:41,597 views 27086 6197473280 游댏 Acceso a p치gina de login
INFO 2025-06-17 00:12:41,598 basehttp 27086 6197473280 "GET / HTTP/1.1" 200 4421
DEBUG 2025-06-17 00:12:47,469 utils 27086 6197473280 (1.226) 
                SELECT VERSION(),
                       @@sql_mode,
                       @@default_storage_engine,
                       @@sql_auto_is_null,
                       @@lower_case_table_names,
                       CONVERT_TZ('2001-01-01 01:00:00', 'UTC', 'UTC') IS NOT NULL
            ; args=None; alias=default
DEBUG 2025-06-17 00:12:48,281 utils 27086 6197473280 (0.811) SET SESSION TRANSACTION ISOLATION LEVEL READ COMMITTED; args=None; alias=default
DEBUG 2025-06-17 00:12:48,928 utils 27086 6197473280 (0.646) SELECT `django_session`.`session_key`, `django_session`.`session_data`, `django_session`.`expire_date` FROM `django_session` WHERE (`django_session`.`expire_date` > '2025-06-17 00:12:42.619849' AND `django_session`.`session_key` = 'rkc3bifchc4ob8fwyz6nuectm5kgzryd') LIMIT 21; args=('2025-06-17 00:12:42.619849', 'rkc3bifchc4ob8fwyz6nuectm5kgzryd'); alias=default
DEBUG 2025-06-17 00:12:49,596 utils 27086 6197473280 (0.662) SELECT `auth_user`.`id`, `auth_user`.`password`, `auth_user`.`last_login`, `auth_user`.`is_superuser`, `auth_user`.`username`, `auth_user`.`first_name`, `auth_user`.`last_name`, `auth_user`.`email`, `auth_user`.`is_staff`, `auth_user`.`is_active`, `auth_user`.`date_joined` FROM `auth_user` WHERE `auth_user`.`id` = 1 LIMIT 21; args=(1,); alias=default
DEBUG 2025-06-17 00:12:49,848 utils 27086 6197473280 (0.207) SELECT `django_admin_log`.`id`, `django_admin_log`.`action_time`, `django_admin_log`.`user_id`, `django_admin_log`.`content_type_id`, `django_admin_log`.`object_id`, `django_admin_log`.`object_repr`, `django_admin_log`.`action_flag`, `django_admin_log`.`change_message`, `auth_user`.`id`, `auth_user`.`password`, `auth_user`.`last_login`, `auth_user`.`is_superuser`, `auth_user`.`username`, `auth_user`.`first_name`, `auth_user`.`last_name`, `auth_user`.`email`, `auth_user`.`is_staff`, `auth_user`.`is_active`, `auth_user`.`date_joined`, `django_content_type`.`id`, `django_content_type`.`app_label`, `django_content_type`.`model` FROM `django_admin_log` INNER JOIN `auth_user` ON (`django_admin_log`.`user_id` = `auth_user`.`id`) LEFT OUTER JOIN `django_content_type` ON (`django_admin_log`.`content_type_id` = `django_content_type`.`id`) WHERE `django_admin_log`.`user_id` = 1 ORDER BY `django_admin_log`.`action_time` DESC LIMIT 10; args=(1,); alias=default
INFO 2025-06-17 00:12:49,849 basehttp 27086 6197473280 "GET /admin/ HTTP/1.1" 200 7968
DEBUG 2025-06-17 00:12:55,241 utils 27086 6197473280 (0.397) SET SESSION TRANSACTION ISOLATION LEVEL READ COMMITTED; args=None; alias=default
DEBUG 2025-06-17 00:12:55,452 utils 27086 6197473280 (0.208) SELECT `django_session`.`session_key`, `django_session`.`session_data`, `django_session`.`expire_date` FROM `django_session` WHERE (`django_session`.`expire_date` > '2025-06-17 00:12:52.856880' AND `django_session`.`session_key` = 'rkc3bifchc4ob8fwyz6nuectm5kgzryd') LIMIT 21; args=('2025-06-17 00:12:52.856880', 'rkc3bifchc4ob8fwyz6nuectm5kgzryd'); alias=default
DEBUG 2025-06-17 00:12:55,685 utils 27086 6197473280 (0.230) SELECT `auth_user`.`id`, `auth_user`.`password`, `auth_user`.`last_login`, `auth_user`.`is_superuser`, `auth_user`.`username`, `auth_user`.`first_name`, `auth_user`.`last_name`, `auth_user`.`email`, `auth_user`.`is_staff`, `auth_user`.`is_active`, `auth_user`.`date_joined` FROM `auth_user` WHERE `auth_user`.`id` = 1 LIMIT 21; args=(1,); alias=default
DEBUG 2025-06-17 00:12:56,213 utils 27086 6197473280 (0.525) SELECT COUNT(*) AS `__count` FROM `tienda_usuario`; args=(); alias=default
DEBUG 2025-06-17 00:12:56,582 utils 27086 6197473280 (0.367) SELECT COUNT(*) AS `__count` FROM `tienda_usuario`; args=(); alias=default
DEBUG 2025-06-17 00:12:56,890 utils 27086 6197473280 (0.305) SELECT `tienda_usuario`.`id`, `tienda_usuario`.`nombre`, `tienda_usuario`.`correo_electronico`, `tienda_usuario`.`contrasena`, `tienda_usuario`.`tipo_usuario` FROM `tienda_usuario` ORDER BY `tienda_usuario`.`id` DESC; args=(); alias=default
INFO 2025-06-17 00:12:56,925 basehttp 27086 6197473280 "GET /admin/tienda/usuario/ HTTP/1.1" 200 10923
DEBUG 2025-06-17 00:12:58,998 utils 27086 6214299648 (0.206) 
                SELECT VERSION(),
                       @@sql_mode,
                       @@default_storage_engine,
                       @@sql_auto_is_null,
                       @@lower_case_table_names,
                       CONVERT_TZ('2001-01-01 01:00:00', 'UTC', 'UTC') IS NOT NULL
            ; args=None; alias=default
DEBUG 2025-06-17 00:12:59,200 utils 27086 6214299648 (0.201) SET SESSION TRANSACTION ISOLATION LEVEL READ COMMITTED; args=None; alias=default
DEBUG 2025-06-17 00:12:59,411 utils 27086 6214299648 (0.211) SELECT `django_session`.`session_key`, `django_session`.`session_data`, `django_session`.`expire_date` FROM `django_session` WHERE (`django_session`.`expire_date` > '2025-06-17 00:12:56.928384' AND `django_session`.`session_key` = 'rkc3bifchc4ob8fwyz6nuectm5kgzryd') LIMIT 21; args=('2025-06-17 00:12:56.928384', 'rkc3bifchc4ob8fwyz6nuectm5kgzryd'); alias=default
DEBUG 2025-06-17 00:12:59,600 utils 27086 6214299648 (0.184) SELECT `auth_user`.`id`, `auth_user`.`password`, `auth_user`.`last_login`, `auth_user`.`is_superuser`, `auth_user`.`username`, `auth_user`.`first_name`, `auth_user`.`last_name`, `auth_user`.`email`, `auth_user`.`is_staff`, `auth_user`.`is_active`, `auth_user`.`date_joined` FROM `auth_user` WHERE `auth_user`.`id` = 1 LIMIT 21; args=(1,); alias=default
INFO 2025-06-17 00:12:59,603 basehttp 27086 6214299648 "GET /admin/jsi18n/ HTTP/1.1" 200 8006
DEBUG 2025-06-17 00:13:10,404 utils 27718 8615993088 (0.176) 
                SELECT VERSION(),
                       @@sql_mode,
                       @@default_storage_engine,
                       @@sql_auto_is_null,
                       @@lower_case_table_names,
                       CONVERT_TZ('2001-01-01 01:00:00', 'UTC', 'UTC') IS NOT NULL
            ; args=None; alias=default
DEBUG 2025-06-17 00:13:10,762 utils 27718 8615993088 (0.357) SET SESSION TRANSACTION ISOLATION LEVEL READ COMMITTED; args=None; alias=default
DEBUG 2025-06-17 00:13:11,024 utils 27718 8615993088 (0.262) BEGIN; args=None; alias=default
DEBUG 2025-06-17 00:13:11,223 utils 27718 8615993088 (0.192) SELECT `tienda_categoria`.`id`, `tienda_categoria`.`nombre`, `tienda_categoria`.`descripcion` FROM `tienda_categoria` WHERE `tienda_categoria`.`nombre` = 'Comida Preparada' LIMIT 21; args=('Comida Preparada',); alias=default
DEBUG 2025-06-17 00:13:11,479 utils 27718 8615993088 (0.255) SAVEPOINT `s8615993088_x1`; args=None; alias=default
DEBUG 2025-06-17 00:13:11,937 utils 27718 8615993088 (0.457) INSERT INTO `tienda_categoria` (`nombre`, `descripcion`) VALUES ('Comida Preparada', 'Platillos listos para comer, frescos y deliciosos'); args=['Comida Preparada', 'Platillos listos para comer, frescos y deliciosos']; alias=default
DEBUG 2025-06-17 00:13:12,805 utils 27718 8615993088 (0.868) RELEASE SAVEPOINT `s8615993088_x1`; args=None; alias=default
DEBUG 2025-06-17 00:13:13,024 utils 27718 8615993088 (0.216) SELECT `tienda_categoria`.`id`, `tienda_categoria`.`nombre`, `tienda_categoria`.`descripcion` FROM `tienda_categoria` WHERE `tienda_categoria`.`nombre` = 'Kit de Cocina' LIMIT 21; args=('Kit de Cocina',); alias=default
DEBUG 2025-06-17 00:13:13,228 utils 27718 8615993088 (0.203) SAVEPOINT `s8615993088_x2`; args=None; alias=default
DEBUG 2025-06-17 00:13:13,430 utils 27718 8615993088 (0.200) INSERT INTO `tienda_categoria` (`nombre`, `descripcion`) VALUES ('Kit de Cocina', 'Ingredientes pre-portionados con recetas para cocinar en casa'); args=['Kit de Cocina', 'Ingredientes pre-portionados con recetas para cocinar en casa']; alias=default
DEBUG 2025-06-17 00:13:13,605 utils 27718 8615993088 (0.175) RELEASE SAVEPOINT `s8615993088_x2`; args=None; alias=default
DEBUG 2025-06-17 00:13:13,800 utils 27718 8615993088 (0.192) SELECT `tienda_categoria`.`id`, `tienda_categoria`.`nombre`, `tienda_categoria`.`descripcion` FROM `tienda_categoria` WHERE `tienda_categoria`.`nombre` = 'Bebidas' LIMIT 21; args=('Bebidas',); alias=default
DEBUG 2025-06-17 00:13:13,989 utils 27718 8615993088 (0.189) SAVEPOINT `s8615993088_x3`; args=None; alias=default
DEBUG 2025-06-17 00:13:14,257 utils 27718 8615993088 (0.267) INSERT INTO `tienda_categoria` (`nombre`, `descripcion`) VALUES ('Bebidas', 'Bebidas naturales, jugos y smoothies'); args=['Bebidas', 'Bebidas naturales, jugos y smoothies']; alias=default
DEBUG 2025-06-17 00:13:14,450 utils 27718 8615993088 (0.192) RELEASE SAVEPOINT `s8615993088_x3`; args=None; alias=default
DEBUG 2025-06-17 00:13:14,662 utils 27718 8615993088 (0.211) SELECT `tienda_categoria`.`id`, `tienda_categoria`.`nombre`, `tienda_categoria`.`descripcion` FROM `tienda_categoria` WHERE `tienda_categoria`.`nombre` = 'Postres' LIMIT 21; args=('Postres',); alias=default
DEBUG 2025-06-17 00:13:14,882 utils 27718 8615993088 (0.219) SAVEPOINT `s8615993088_x4`; args=None; alias=default
DEBUG 2025-06-17 00:13:15,104 utils 27718 8615993088 (0.221) INSERT INTO `tienda_categoria` (`nombre`, `descripcion`) VALUES ('Postres', 'Dulces artesanales y postres gourmet'); args=['Postres', 'Dulces artesanales y postres gourmet']; alias=default
DEBUG 2025-06-17 00:13:15,283 utils 27718 8615993088 (0.178) RELEASE SAVEPOINT `s8615993088_x4`; args=None; alias=default
DEBUG 2025-06-17 00:13:15,514 utils 27718 8615993088 (0.229) SELECT `tienda_categoria`.`id`, `tienda_categoria`.`nombre`, `tienda_categoria`.`descripcion` FROM `tienda_categoria` WHERE `tienda_categoria`.`nombre` = 'Comida Preparada' LIMIT 21; args=('Comida Preparada',); alias=default
DEBUG 2025-06-17 00:13:15,741 utils 27718 8615993088 (0.225) SELECT `tienda_producto`.`id`, `tienda_producto`.`nombre`, `tienda_producto`.`descripcion`, `tienda_producto`.`precio`, `tienda_producto`.`categoria_id`, `tienda_producto`.`tipo`, `tienda_producto`.`dietas`, `tienda_producto`.`preferencia_sabor`, `tienda_producto`.`image_url` FROM `tienda_producto` WHERE `tienda_producto`.`nombre` = 'Ensalada Vegana Mediterr치nea' LIMIT 21; args=('Ensalada Vegana Mediterr치nea',); alias=default
DEBUG 2025-06-17 00:13:15,999 utils 27718 8615993088 (0.258) ROLLBACK; args=None; alias=default
INFO 2025-06-17 00:14:14,876 autoreload 27086 8615993088 /Users/jesusalmanza/Desktop/RecetasChidas/RecetasChidas/RecetasChidas/tienda/persistence/models.py changed, reloading.
INFO 2025-06-17 00:14:15,201 autoreload 28765 8615993088 Watching for file changes with StatReloader
DEBUG 2025-06-17 00:14:16,804 utils 28765 6138867712 (0.298) 
                SELECT VERSION(),
                       @@sql_mode,
                       @@default_storage_engine,
                       @@sql_auto_is_null,
                       @@lower_case_table_names,
                       CONVERT_TZ('2001-01-01 01:00:00', 'UTC', 'UTC') IS NOT NULL
            ; args=None; alias=default
DEBUG 2025-06-17 00:14:16,986 utils 28765 6138867712 (0.180) SET SESSION TRANSACTION ISOLATION LEVEL READ COMMITTED; args=None; alias=default
DEBUG 2025-06-17 00:14:17,291 utils 28765 6138867712 (0.305) 
            SELECT
                table_name,
                table_type,
                table_comment
            FROM information_schema.tables
            WHERE table_schema = DATABASE()
            ; args=None; alias=default
DEBUG 2025-06-17 00:14:17,526 utils 28765 6138867712 (0.223) SELECT `django_migrations`.`id`, `django_migrations`.`app`, `django_migrations`.`name`, `django_migrations`.`applied` FROM `django_migrations`; args=(); alias=default
DEBUG 2025-06-17 00:14:24,558 utils 28900 8615993088 (0.167) 
                SELECT VERSION(),
                       @@sql_mode,
                       @@default_storage_engine,
                       @@sql_auto_is_null,
                       @@lower_case_table_names,
                       CONVERT_TZ('2001-01-01 01:00:00', 'UTC', 'UTC') IS NOT NULL
            ; args=None; alias=default
DEBUG 2025-06-17 00:14:24,755 utils 28900 8615993088 (0.196) SET SESSION TRANSACTION ISOLATION LEVEL READ COMMITTED; args=None; alias=default
DEBUG 2025-06-17 00:14:25,123 utils 28900 8615993088 (0.367) BEGIN; args=None; alias=default
DEBUG 2025-06-17 00:14:25,340 utils 28900 8615993088 (0.210) SELECT `tienda_categoria`.`id`, `tienda_categoria`.`nombre`, `tienda_categoria`.`descripcion` FROM `tienda_categoria` WHERE `tienda_categoria`.`nombre` = 'Comida Preparada' LIMIT 21; args=('Comida Preparada',); alias=default
DEBUG 2025-06-17 00:14:25,507 utils 28900 8615993088 (0.166) SAVEPOINT `s8615993088_x1`; args=None; alias=default
DEBUG 2025-06-17 00:14:25,675 utils 28900 8615993088 (0.166) INSERT INTO `tienda_categoria` (`nombre`, `descripcion`) VALUES ('Comida Preparada', 'Platillos listos para comer, frescos y deliciosos'); args=['Comida Preparada', 'Platillos listos para comer, frescos y deliciosos']; alias=default
DEBUG 2025-06-17 00:14:25,913 utils 28900 8615993088 (0.237) RELEASE SAVEPOINT `s8615993088_x1`; args=None; alias=default
DEBUG 2025-06-17 00:14:26,083 utils 28900 8615993088 (0.168) SELECT `tienda_categoria`.`id`, `tienda_categoria`.`nombre`, `tienda_categoria`.`descripcion` FROM `tienda_categoria` WHERE `tienda_categoria`.`nombre` = 'Kit de Cocina' LIMIT 21; args=('Kit de Cocina',); alias=default
DEBUG 2025-06-17 00:14:26,311 utils 28900 8615993088 (0.228) SAVEPOINT `s8615993088_x2`; args=None; alias=default
DEBUG 2025-06-17 00:14:26,496 utils 28900 8615993088 (0.183) INSERT INTO `tienda_categoria` (`nombre`, `descripcion`) VALUES ('Kit de Cocina', 'Ingredientes pre-portionados con recetas para cocinar en casa'); args=['Kit de Cocina', 'Ingredientes pre-portionados con recetas para cocinar en casa']; alias=default
DEBUG 2025-06-17 00:14:26,691 utils 28900 8615993088 (0.194) RELEASE SAVEPOINT `s8615993088_x2`; args=None; alias=default
DEBUG 2025-06-17 00:14:26,977 utils 28900 8615993088 (0.284) SELECT `tienda_categoria`.`id`, `tienda_categoria`.`nombre`, `tienda_categoria`.`descripcion` FROM `tienda_categoria` WHERE `tienda_categoria`.`nombre` = 'Bebidas' LIMIT 21; args=('Bebidas',); alias=default
DEBUG 2025-06-17 00:14:27,151 utils 28900 8615993088 (0.172) SAVEPOINT `s8615993088_x3`; args=None; alias=default
DEBUG 2025-06-17 00:14:27,320 utils 28900 8615993088 (0.167) INSERT INTO `tienda_categoria` (`nombre`, `descripcion`) VALUES ('Bebidas', 'Bebidas naturales, jugos y smoothies'); args=['Bebidas', 'Bebidas naturales, jugos y smoothies']; alias=default
DEBUG 2025-06-17 00:14:27,493 utils 28900 8615993088 (0.172) RELEASE SAVEPOINT `s8615993088_x3`; args=None; alias=default
DEBUG 2025-06-17 00:14:27,668 utils 28900 8615993088 (0.174) SELECT `tienda_categoria`.`id`, `tienda_categoria`.`nombre`, `tienda_categoria`.`descripcion` FROM `tienda_categoria` WHERE `tienda_categoria`.`nombre` = 'Postres' LIMIT 21; args=('Postres',); alias=default
DEBUG 2025-06-17 00:14:27,842 utils 28900 8615993088 (0.173) SAVEPOINT `s8615993088_x4`; args=None; alias=default
DEBUG 2025-06-17 00:14:28,013 utils 28900 8615993088 (0.170) INSERT INTO `tienda_categoria` (`nombre`, `descripcion`) VALUES ('Postres', 'Dulces artesanales y postres gourmet'); args=['Postres', 'Dulces artesanales y postres gourmet']; alias=default
DEBUG 2025-06-17 00:14:28,189 utils 28900 8615993088 (0.175) RELEASE SAVEPOINT `s8615993088_x4`; args=None; alias=default
DEBUG 2025-06-17 00:14:28,384 utils 28900 8615993088 (0.192) SELECT `tienda_categoria`.`id`, `tienda_categoria`.`nombre`, `tienda_categoria`.`descripcion` FROM `tienda_categoria` WHERE `tienda_categoria`.`nombre` = 'Comida Preparada' LIMIT 21; args=('Comida Preparada',); alias=default
DEBUG 2025-06-17 00:14:28,608 utils 28900 8615993088 (0.221) SELECT `tienda_producto`.`id`, `tienda_producto`.`nombre`, `tienda_producto`.`descripcion`, `tienda_producto`.`precio`, `tienda_producto`.`categoria_id`, `tienda_producto`.`tipo`, `tienda_producto`.`dietas`, `tienda_producto`.`preferencia_sabor`, `tienda_producto`.`image_url` FROM `tienda_producto` WHERE `tienda_producto`.`nombre` = 'Ensalada Vegana Mediterr치nea' LIMIT 21; args=('Ensalada Vegana Mediterr치nea',); alias=default
DEBUG 2025-06-17 00:14:28,781 utils 28900 8615993088 (0.172) SAVEPOINT `s8615993088_x5`; args=None; alias=default
DEBUG 2025-06-17 00:14:28,949 utils 28900 8615993088 (0.167) INSERT INTO `tienda_producto` (`nombre`, `descripcion`, `precio`, `categoria_id`, `tipo`, `dietas`, `preferencia_sabor`, `image_url`) VALUES ('Ensalada Vegana Mediterr치nea', 'Mezcla fresca de vegetales con aderezo de tahini', 12.5, 5, 'comida preparada', 'vegana,vegetariana,sin_gluten', 'salado', 'https://images.unsplash.com/photo-1606787366850-de6330128bfc?auto=format&fit=crop&w=400&q=80'); args=['Ensalada Vegana Mediterr치nea', 'Mezcla fresca de vegetales con aderezo de tahini', Decimal('12.5'), 5, 'comida preparada', 'vegana,vegetariana,sin_gluten', 'salado', 'https://images.unsplash.com/photo-1606787366850-de6330128bfc?auto=format&fit=crop&w=400&q=80']; alias=default
DEBUG 2025-06-17 00:14:29,125 utils 28900 8615993088 (0.174) RELEASE SAVEPOINT `s8615993088_x5`; args=None; alias=default
DEBUG 2025-06-17 00:14:29,339 utils 28900 8615993088 (0.212) SELECT `tienda_categoria`.`id`, `tienda_categoria`.`nombre`, `tienda_categoria`.`descripcion` FROM `tienda_categoria` WHERE `tienda_categoria`.`nombre` = 'Comida Preparada' LIMIT 21; args=('Comida Preparada',); alias=default
DEBUG 2025-06-17 00:14:29,516 utils 28900 8615993088 (0.175) SELECT `tienda_producto`.`id`, `tienda_producto`.`nombre`, `tienda_producto`.`descripcion`, `tienda_producto`.`precio`, `tienda_producto`.`categoria_id`, `tienda_producto`.`tipo`, `tienda_producto`.`dietas`, `tienda_producto`.`preferencia_sabor`, `tienda_producto`.`image_url` FROM `tienda_producto` WHERE `tienda_producto`.`nombre` = 'Pollo Teriyaki con Arroz' LIMIT 21; args=('Pollo Teriyaki con Arroz',); alias=default
DEBUG 2025-06-17 00:14:29,716 utils 28900 8615993088 (0.198) SAVEPOINT `s8615993088_x6`; args=None; alias=default
DEBUG 2025-06-17 00:14:29,906 utils 28900 8615993088 (0.189) INSERT INTO `tienda_producto` (`nombre`, `descripcion`, `precio`, `categoria_id`, `tipo`, `dietas`, `preferencia_sabor`, `image_url`) VALUES ('Pollo Teriyaki con Arroz', 'Pollo glaseado en salsa teriyaki con arroz integral y br칩coli', 18.75, 5, 'comida preparada', 'sin_gluten', 'salado', 'https://images.unsplash.com/photo-1567620905732-2d1ec7ab7445?auto=format&fit=crop&w=400&q=80'); args=['Pollo Teriyaki con Arroz', 'Pollo glaseado en salsa teriyaki con arroz integral y br칩coli', Decimal('18.75'), 5, 'comida preparada', 'sin_gluten', 'salado', 'https://images.unsplash.com/photo-1567620905732-2d1ec7ab7445?auto=format&fit=crop&w=400&q=80']; alias=default
DEBUG 2025-06-17 00:14:30,074 utils 28900 8615993088 (0.167) RELEASE SAVEPOINT `s8615993088_x6`; args=None; alias=default
DEBUG 2025-06-17 00:14:30,248 utils 28900 8615993088 (0.173) SELECT `tienda_categoria`.`id`, `tienda_categoria`.`nombre`, `tienda_categoria`.`descripcion` FROM `tienda_categoria` WHERE `tienda_categoria`.`nombre` = 'Comida Preparada' LIMIT 21; args=('Comida Preparada',); alias=default
DEBUG 2025-06-17 00:14:30,425 utils 28900 8615993088 (0.175) SELECT `tienda_producto`.`id`, `tienda_producto`.`nombre`, `tienda_producto`.`descripcion`, `tienda_producto`.`precio`, `tienda_producto`.`categoria_id`, `tienda_producto`.`tipo`, `tienda_producto`.`dietas`, `tienda_producto`.`preferencia_sabor`, `tienda_producto`.`image_url` FROM `tienda_producto` WHERE `tienda_producto`.`nombre` = 'Tacos de Carnitas Picantes' LIMIT 21; args=('Tacos de Carnitas Picantes',); alias=default
DEBUG 2025-06-17 00:14:30,595 utils 28900 8615993088 (0.169) SAVEPOINT `s8615993088_x7`; args=None; alias=default
DEBUG 2025-06-17 00:14:30,770 utils 28900 8615993088 (0.174) INSERT INTO `tienda_producto` (`nombre`, `descripcion`, `precio`, `categoria_id`, `tipo`, `dietas`, `preferencia_sabor`, `image_url`) VALUES ('Tacos de Carnitas Picantes', 'Tres tacos con carnitas de cerdo, salsa verde y cebolla morada', 15.25, 5, 'comida preparada', '', 'picante', 'https://images.unsplash.com/photo-1551504734-5ee1c4a1479b?auto=format&fit=crop&w=400&q=80'); args=['Tacos de Carnitas Picantes', 'Tres tacos con carnitas de cerdo, salsa verde y cebolla morada', Decimal('15.25'), 5, 'comida preparada', '', 'picante', 'https://images.unsplash.com/photo-1551504734-5ee1c4a1479b?auto=format&fit=crop&w=400&q=80']; alias=default
DEBUG 2025-06-17 00:14:30,956 utils 28900 8615993088 (0.185) RELEASE SAVEPOINT `s8615993088_x7`; args=None; alias=default
DEBUG 2025-06-17 00:14:31,144 utils 28900 8615993088 (0.186) SELECT `tienda_categoria`.`id`, `tienda_categoria`.`nombre`, `tienda_categoria`.`descripcion` FROM `tienda_categoria` WHERE `tienda_categoria`.`nombre` = 'Kit de Cocina' LIMIT 21; args=('Kit de Cocina',); alias=default
DEBUG 2025-06-17 00:14:31,361 utils 28900 8615993088 (0.214) SELECT `tienda_producto`.`id`, `tienda_producto`.`nombre`, `tienda_producto`.`descripcion`, `tienda_producto`.`precio`, `tienda_producto`.`categoria_id`, `tienda_producto`.`tipo`, `tienda_producto`.`dietas`, `tienda_producto`.`preferencia_sabor`, `tienda_producto`.`image_url` FROM `tienda_producto` WHERE `tienda_producto`.`nombre` = 'Kit Mexicano - Chiles en Nogada' LIMIT 21; args=('Kit Mexicano - Chiles en Nogada',); alias=default
DEBUG 2025-06-17 00:14:31,555 utils 28900 8615993088 (0.192) SAVEPOINT `s8615993088_x8`; args=None; alias=default
DEBUG 2025-06-17 00:14:31,723 utils 28900 8615993088 (0.167) INSERT INTO `tienda_producto` (`nombre`, `descripcion`, `precio`, `categoria_id`, `tipo`, `dietas`, `preferencia_sabor`, `image_url`) VALUES ('Kit Mexicano - Chiles en Nogada', 'Ingredientes para preparar chiles poblanos rellenos con nogada', 25, 6, 'kit de cocina', 'vegetariana', 'salado', 'https://images.unsplash.com/photo-1627308595229-7830a5c91f9f?auto=format&fit=crop&w=400&q=80'); args=['Kit Mexicano - Chiles en Nogada', 'Ingredientes para preparar chiles poblanos rellenos con nogada', Decimal('25'), 6, 'kit de cocina', 'vegetariana', 'salado', 'https://images.unsplash.com/photo-1627308595229-7830a5c91f9f?auto=format&fit=crop&w=400&q=80']; alias=default
DEBUG 2025-06-17 00:14:31,906 utils 28900 8615993088 (0.181) RELEASE SAVEPOINT `s8615993088_x8`; args=None; alias=default
DEBUG 2025-06-17 00:14:32,080 utils 28900 8615993088 (0.173) SELECT `tienda_categoria`.`id`, `tienda_categoria`.`nombre`, `tienda_categoria`.`descripcion` FROM `tienda_categoria` WHERE `tienda_categoria`.`nombre` = 'Kit de Cocina' LIMIT 21; args=('Kit de Cocina',); alias=default
DEBUG 2025-06-17 00:14:32,264 utils 28900 8615993088 (0.183) SELECT `tienda_producto`.`id`, `tienda_producto`.`nombre`, `tienda_producto`.`descripcion`, `tienda_producto`.`precio`, `tienda_producto`.`categoria_id`, `tienda_producto`.`tipo`, `tienda_producto`.`dietas`, `tienda_producto`.`preferencia_sabor`, `tienda_producto`.`image_url` FROM `tienda_producto` WHERE `tienda_producto`.`nombre` = 'Kit Italiano - Pasta Carbonara' LIMIT 21; args=('Kit Italiano - Pasta Carbonara',); alias=default
DEBUG 2025-06-17 00:14:32,502 utils 28900 8615993088 (0.237) SAVEPOINT `s8615993088_x9`; args=None; alias=default
DEBUG 2025-06-17 00:14:32,679 utils 28900 8615993088 (0.175) INSERT INTO `tienda_producto` (`nombre`, `descripcion`, `precio`, `categoria_id`, `tipo`, `dietas`, `preferencia_sabor`, `image_url`) VALUES ('Kit Italiano - Pasta Carbonara', 'Kit completo para preparar pasta carbonara aut칠ntica italiana', 22.5, 6, 'kit de cocina', '', 'salado', 'https://images.unsplash.com/photo-1506368083636-6defb67639d1?auto=format&fit=crop&w=400&q=80'); args=['Kit Italiano - Pasta Carbonara', 'Kit completo para preparar pasta carbonara aut칠ntica italiana', Decimal('22.5'), 6, 'kit de cocina', '', 'salado', 'https://images.unsplash.com/photo-1506368083636-6defb67639d1?auto=format&fit=crop&w=400&q=80']; alias=default
DEBUG 2025-06-17 00:14:32,851 utils 28900 8615993088 (0.170) RELEASE SAVEPOINT `s8615993088_x9`; args=None; alias=default
DEBUG 2025-06-17 00:14:33,026 utils 28900 8615993088 (0.173) SELECT `tienda_categoria`.`id`, `tienda_categoria`.`nombre`, `tienda_categoria`.`descripcion` FROM `tienda_categoria` WHERE `tienda_categoria`.`nombre` = 'Kit de Cocina' LIMIT 21; args=('Kit de Cocina',); alias=default
DEBUG 2025-06-17 00:14:33,197 utils 28900 8615993088 (0.170) SELECT `tienda_producto`.`id`, `tienda_producto`.`nombre`, `tienda_producto`.`descripcion`, `tienda_producto`.`precio`, `tienda_producto`.`categoria_id`, `tienda_producto`.`tipo`, `tienda_producto`.`dietas`, `tienda_producto`.`preferencia_sabor`, `tienda_producto`.`image_url` FROM `tienda_producto` WHERE `tienda_producto`.`nombre` = 'Kit Vegano - Curry de Lentejas' LIMIT 21; args=('Kit Vegano - Curry de Lentejas',); alias=default
DEBUG 2025-06-17 00:14:33,413 utils 28900 8615993088 (0.214) SAVEPOINT `s8615993088_x10`; args=None; alias=default
DEBUG 2025-06-17 00:14:33,593 utils 28900 8615993088 (0.178) INSERT INTO `tienda_producto` (`nombre`, `descripcion`, `precio`, `categoria_id`, `tipo`, `dietas`, `preferencia_sabor`, `image_url`) VALUES ('Kit Vegano - Curry de Lentejas', 'Ingredientes para curry de lentejas rojas con leche de coco', 19.75, 6, 'kit de cocina', 'vegana,vegetariana,sin_gluten', 'picante', 'https://images.unsplash.com/photo-1598514982461-6fe9c2e8c8ce?auto=format&fit=crop&w=400&q=80'); args=['Kit Vegano - Curry de Lentejas', 'Ingredientes para curry de lentejas rojas con leche de coco', Decimal('19.75'), 6, 'kit de cocina', 'vegana,vegetariana,sin_gluten', 'picante', 'https://images.unsplash.com/photo-1598514982461-6fe9c2e8c8ce?auto=format&fit=crop&w=400&q=80']; alias=default
DEBUG 2025-06-17 00:14:33,772 utils 28900 8615993088 (0.179) RELEASE SAVEPOINT `s8615993088_x10`; args=None; alias=default
DEBUG 2025-06-17 00:14:34,005 utils 28900 8615993088 (0.231) SELECT `tienda_categoria`.`id`, `tienda_categoria`.`nombre`, `tienda_categoria`.`descripcion` FROM `tienda_categoria` WHERE `tienda_categoria`.`nombre` = 'Bebidas' LIMIT 21; args=('Bebidas',); alias=default
DEBUG 2025-06-17 00:14:34,224 utils 28900 8615993088 (0.217) SELECT `tienda_producto`.`id`, `tienda_producto`.`nombre`, `tienda_producto`.`descripcion`, `tienda_producto`.`precio`, `tienda_producto`.`categoria_id`, `tienda_producto`.`tipo`, `tienda_producto`.`dietas`, `tienda_producto`.`preferencia_sabor`, `tienda_producto`.`image_url` FROM `tienda_producto` WHERE `tienda_producto`.`nombre` = 'Smoothie Verde Detox' LIMIT 21; args=('Smoothie Verde Detox',); alias=default
DEBUG 2025-06-17 00:14:34,461 utils 28900 8615993088 (0.236) SAVEPOINT `s8615993088_x11`; args=None; alias=default
DEBUG 2025-06-17 00:14:34,729 utils 28900 8615993088 (0.267) INSERT INTO `tienda_producto` (`nombre`, `descripcion`, `precio`, `categoria_id`, `tipo`, `dietas`, `preferencia_sabor`, `image_url`) VALUES ('Smoothie Verde Detox', 'Espinaca, pi침a, mango y jengibre', 8.5, 7, 'bebida', 'vegana,vegetariana,sin_gluten', 'dulce', 'https://images.unsplash.com/photo-1610970881699-44a5587cabec?auto=format&fit=crop&w=400&q=80'); args=['Smoothie Verde Detox', 'Espinaca, pi침a, mango y jengibre', Decimal('8.5'), 7, 'bebida', 'vegana,vegetariana,sin_gluten', 'dulce', 'https://images.unsplash.com/photo-1610970881699-44a5587cabec?auto=format&fit=crop&w=400&q=80']; alias=default
DEBUG 2025-06-17 00:14:34,899 utils 28900 8615993088 (0.167) RELEASE SAVEPOINT `s8615993088_x11`; args=None; alias=default
DEBUG 2025-06-17 00:14:35,072 utils 28900 8615993088 (0.171) SELECT `tienda_categoria`.`id`, `tienda_categoria`.`nombre`, `tienda_categoria`.`descripcion` FROM `tienda_categoria` WHERE `tienda_categoria`.`nombre` = 'Bebidas' LIMIT 21; args=('Bebidas',); alias=default
DEBUG 2025-06-17 00:14:35,244 utils 28900 8615993088 (0.171) SELECT `tienda_producto`.`id`, `tienda_producto`.`nombre`, `tienda_producto`.`descripcion`, `tienda_producto`.`precio`, `tienda_producto`.`categoria_id`, `tienda_producto`.`tipo`, `tienda_producto`.`dietas`, `tienda_producto`.`preferencia_sabor`, `tienda_producto`.`image_url` FROM `tienda_producto` WHERE `tienda_producto`.`nombre` = 'Agua de Jamaica con Ch칤a' LIMIT 21; args=('Agua de Jamaica con Ch칤a',); alias=default
DEBUG 2025-06-17 00:14:35,424 utils 28900 8615993088 (0.179) SAVEPOINT `s8615993088_x12`; args=None; alias=default
DEBUG 2025-06-17 00:14:35,615 utils 28900 8615993088 (0.189) INSERT INTO `tienda_producto` (`nombre`, `descripcion`, `precio`, `categoria_id`, `tipo`, `dietas`, `preferencia_sabor`, `image_url`) VALUES ('Agua de Jamaica con Ch칤a', 'Refrescante agua de jamaica con semillas de ch칤a', 6.75, 7, 'bebida', 'vegana,vegetariana,sin_gluten', 'dulce', 'https://images.unsplash.com/photo-1544145945-f90425340c7e?auto=format&fit=crop&w=400&q=80'); args=['Agua de Jamaica con Ch칤a', 'Refrescante agua de jamaica con semillas de ch칤a', Decimal('6.75'), 7, 'bebida', 'vegana,vegetariana,sin_gluten', 'dulce', 'https://images.unsplash.com/photo-1544145945-f90425340c7e?auto=format&fit=crop&w=400&q=80']; alias=default
DEBUG 2025-06-17 00:14:35,794 utils 28900 8615993088 (0.179) RELEASE SAVEPOINT `s8615993088_x12`; args=None; alias=default
DEBUG 2025-06-17 00:14:36,054 utils 28900 8615993088 (0.257) SELECT `tienda_categoria`.`id`, `tienda_categoria`.`nombre`, `tienda_categoria`.`descripcion` FROM `tienda_categoria` WHERE `tienda_categoria`.`nombre` = 'Postres' LIMIT 21; args=('Postres',); alias=default
DEBUG 2025-06-17 00:14:36,228 utils 28900 8615993088 (0.172) SELECT `tienda_producto`.`id`, `tienda_producto`.`nombre`, `tienda_producto`.`descripcion`, `tienda_producto`.`precio`, `tienda_producto`.`categoria_id`, `tienda_producto`.`tipo`, `tienda_producto`.`dietas`, `tienda_producto`.`preferencia_sabor`, `tienda_producto`.`image_url` FROM `tienda_producto` WHERE `tienda_producto`.`nombre` = 'Cheesecake de Fresa Vegano' LIMIT 21; args=('Cheesecake de Fresa Vegano',); alias=default
DEBUG 2025-06-17 00:14:36,403 utils 28900 8615993088 (0.173) SAVEPOINT `s8615993088_x13`; args=None; alias=default
DEBUG 2025-06-17 00:14:36,572 utils 28900 8615993088 (0.167) INSERT INTO `tienda_producto` (`nombre`, `descripcion`, `precio`, `categoria_id`, `tipo`, `dietas`, `preferencia_sabor`, `image_url`) VALUES ('Cheesecake de Fresa Vegano', 'Cheesecake a base de anacardos con coulis de fresa', 14.25, 8, 'postre', 'vegana,vegetariana', 'dulce', 'https://images.unsplash.com/photo-1565958011703-44f9829ba187?auto=format&fit=crop&w=400&q=80'); args=['Cheesecake de Fresa Vegano', 'Cheesecake a base de anacardos con coulis de fresa', Decimal('14.25'), 8, 'postre', 'vegana,vegetariana', 'dulce', 'https://images.unsplash.com/photo-1565958011703-44f9829ba187?auto=format&fit=crop&w=400&q=80']; alias=default
DEBUG 2025-06-17 00:14:36,743 utils 28900 8615993088 (0.170) RELEASE SAVEPOINT `s8615993088_x13`; args=None; alias=default
DEBUG 2025-06-17 00:14:36,942 utils 28900 8615993088 (0.197) SELECT `tienda_categoria`.`id`, `tienda_categoria`.`nombre`, `tienda_categoria`.`descripcion` FROM `tienda_categoria` WHERE `tienda_categoria`.`nombre` = 'Postres' LIMIT 21; args=('Postres',); alias=default
DEBUG 2025-06-17 00:14:37,303 utils 28900 8615993088 (0.358) SELECT `tienda_producto`.`id`, `tienda_producto`.`nombre`, `tienda_producto`.`descripcion`, `tienda_producto`.`precio`, `tienda_producto`.`categoria_id`, `tienda_producto`.`tipo`, `tienda_producto`.`dietas`, `tienda_producto`.`preferencia_sabor`, `tienda_producto`.`image_url` FROM `tienda_producto` WHERE `tienda_producto`.`nombre` = 'Brownie de Chocolate Sin Gluten' LIMIT 21; args=('Brownie de Chocolate Sin Gluten',); alias=default
DEBUG 2025-06-17 00:14:37,571 utils 28900 8615993088 (0.268) SAVEPOINT `s8615993088_x14`; args=None; alias=default
DEBUG 2025-06-17 00:14:37,755 utils 28900 8615993088 (0.183) INSERT INTO `tienda_producto` (`nombre`, `descripcion`, `precio`, `categoria_id`, `tipo`, `dietas`, `preferencia_sabor`, `image_url`) VALUES ('Brownie de Chocolate Sin Gluten', 'Brownie h칰medo hecho con harina de almendra', 11.5, 8, 'postre', 'sin_gluten,vegetariana', 'dulce', 'https://images.unsplash.com/photo-1606313564200-e75d5e30476c?auto=format&fit=crop&w=400&q=80'); args=['Brownie de Chocolate Sin Gluten', 'Brownie h칰medo hecho con harina de almendra', Decimal('11.5'), 8, 'postre', 'sin_gluten,vegetariana', 'dulce', 'https://images.unsplash.com/photo-1606313564200-e75d5e30476c?auto=format&fit=crop&w=400&q=80']; alias=default
DEBUG 2025-06-17 00:14:37,924 utils 28900 8615993088 (0.167) RELEASE SAVEPOINT `s8615993088_x14`; args=None; alias=default
DEBUG 2025-06-17 00:14:38,098 utils 28900 8615993088 (0.171) SELECT COUNT(*) AS `__count` FROM `tienda_categoria`; args=(); alias=default
DEBUG 2025-06-17 00:14:38,270 utils 28900 8615993088 (0.170) SELECT COUNT(*) AS `__count` FROM `tienda_producto`; args=(); alias=default
DEBUG 2025-06-17 00:14:38,450 utils 28900 8615993088 (0.179) COMMIT; args=None; alias=default
